 2024-02-05 23:48:44,739 : INFO : Test_Login : test_Page_Title_001 : 19 : test_Page_Title_001 started
 2024-02-05 23:48:44,740 : INFO : Test_Login : test_Page_Title_001 : 20 : opening browser
 2024-02-05 23:48:44,769 : INFO : Test_Login : test_Page_Title_001 : 22 : test_Page_Title_001 is Passed
 2024-02-05 23:48:44,786 : INFO : Test_Login : test_Page_Title_001 : 23 : Page Title is-->OrangeHRM
 2024-02-05 23:48:45,158 : INFO : Test_Login : test_Page_Title_001 : 30 : test_Page_Title_001 is completed
 2024-02-05 23:48:54,926 : INFO : Test_Login : test_login_002 : 35 : test_login_002 is started
 2024-02-05 23:48:54,927 : INFO : Test_Login : test_login_002 : 36 : Opening Browser
 2024-02-05 23:48:54,931 : INFO : Test_Login : test_login_002 : 41 : Entering username-->Admin
 2024-02-05 23:48:55,905 : INFO : Test_Login : test_login_002 : 45 : Entering Password -->admin123
 2024-02-05 23:48:56,019 : INFO : Test_Login : test_login_002 : 49 : Click on Login Button
 2024-02-05 23:48:58,671 : INFO : Test_Login : test_login_002 : 56 : Click on Menu Button 
 2024-02-05 23:48:58,777 : INFO : Test_Login : test_login_002 : 58 : Click on Logout Button
 2024-02-05 23:49:00,235 : INFO : Test_Login : test_login_002 : 66 : test_login_002 is completed
 2024-02-05 23:50:34,180 : INFO : Test_Login : test_Page_Title_001 : 19 : test_Page_Title_001 started
 2024-02-05 23:50:34,181 : INFO : Test_Login : test_Page_Title_001 : 20 : opening browser
 2024-02-05 23:50:34,190 : INFO : Test_Login : test_Page_Title_001 : 22 : test_Page_Title_001 is Passed
 2024-02-05 23:50:34,197 : INFO : Test_Login : test_Page_Title_001 : 23 : Page Title is-->OrangeHRM
 2024-02-05 23:50:34,487 : INFO : Test_Login : test_Page_Title_001 : 30 : test_Page_Title_001 is completed
 2024-02-05 23:50:43,638 : INFO : Test_Login : test_login_002 : 35 : test_login_002 is started
 2024-02-05 23:50:43,639 : INFO : Test_Login : test_login_002 : 36 : Opening Browser
 2024-02-05 23:50:43,645 : INFO : Test_Login : test_login_002 : 41 : Entering username-->Admin
 2024-02-05 23:50:44,448 : INFO : Test_Login : test_login_002 : 45 : Entering Password -->admin123
 2024-02-05 23:50:44,574 : INFO : Test_Login : test_login_002 : 49 : Click on Login Button
 2024-02-05 23:50:47,773 : INFO : Test_Login : test_login_002 : 56 : Click on Menu Button 
 2024-02-05 23:50:47,838 : INFO : Test_Login : test_login_002 : 58 : Click on Logout Button
 2024-02-05 23:50:49,400 : INFO : Test_Login : test_login_002 : 66 : test_login_002 is completed
 2024-02-05 23:53:27,073 : INFO : Test_Login : test_Page_Title_001 : 19 : test_Page_Title_001 started
 2024-02-05 23:53:27,074 : INFO : Test_Login : test_Page_Title_001 : 20 : opening browser
 2024-02-05 23:53:27,081 : INFO : Test_Login : test_Page_Title_001 : 22 : test_Page_Title_001 is Passed
 2024-02-05 23:53:27,087 : INFO : Test_Login : test_Page_Title_001 : 23 : Page Title is-->OrangeHRM
 2024-02-05 23:53:27,479 : INFO : Test_Login : test_Page_Title_001 : 30 : test_Page_Title_001 is completed
 2024-02-05 23:53:41,406 : INFO : Test_Login : test_login_002 : 35 : test_login_002 is started
 2024-02-05 23:53:41,406 : INFO : Test_Login : test_login_002 : 36 : Opening Browser
 2024-02-05 23:53:41,409 : INFO : Test_Login : test_login_002 : 41 : Entering username-->Admin
 2024-02-05 23:53:42,451 : INFO : Test_Login : test_login_002 : 45 : Entering Password -->admin123
 2024-02-05 23:53:42,551 : INFO : Test_Login : test_login_002 : 49 : Click on Login Button
 2024-02-05 23:53:45,476 : INFO : Test_Login : test_login_002 : 56 : Click on Menu Button 
 2024-02-05 23:53:45,611 : INFO : Test_Login : test_login_002 : 58 : Click on Logout Button
 2024-02-05 23:53:47,084 : INFO : Test_Login : test_login_002 : 66 : test_login_002 is completed
 2024-02-06 00:02:51,799 : INFO : Test_Login : test_Page_Title_001 : 19 : test_Page_Title_001 started
 2024-02-06 00:02:51,799 : INFO : Test_Login : test_Page_Title_001 : 20 : opening browser
 2024-02-06 00:02:51,806 : INFO : Test_Login : test_Page_Title_001 : 27 : test_Page_Title_001 is Failed
 2024-02-06 00:02:55,977 : INFO : Test_Login : test_login_002 : 35 : test_login_002 is started
 2024-02-06 00:02:55,978 : INFO : Test_Login : test_login_002 : 36 : Opening Browser
 2024-02-06 00:02:55,981 : INFO : Test_Login : test_login_002 : 41 : Entering username-->Admin
 2024-02-06 00:03:44,424 : INFO : Test_Login : test_Page_Title_001 : 19 : test_Page_Title_001 started
 2024-02-06 00:03:44,425 : INFO : Test_Login : test_Page_Title_001 : 20 : opening browser
 2024-02-06 00:03:44,446 : INFO : Test_Login : test_Page_Title_001 : 27 : test_Page_Title_001 is Failed
 2024-02-06 00:03:50,650 : INFO : Test_Login : test_login_002 : 35 : test_login_002 is started
 2024-02-06 00:03:50,651 : INFO : Test_Login : test_login_002 : 36 : Opening Browser
 2024-02-06 00:03:50,655 : INFO : Test_Login : test_login_002 : 41 : Entering username-->Admin
 2024-02-06 00:04:42,167 : INFO : Test_Login : test_Page_Title_001 : 19 : test_Page_Title_001 started
 2024-02-06 00:04:42,167 : INFO : Test_Login : test_Page_Title_001 : 20 : opening browser
 2024-02-06 00:04:42,186 : INFO : Test_Login : test_Page_Title_001 : 27 : test_Page_Title_001 is Failed
 2024-02-06 00:04:48,908 : INFO : Test_Login : test_login_002 : 35 : test_login_002 is started
 2024-02-06 00:04:48,908 : INFO : Test_Login : test_login_002 : 36 : Opening Browser
 2024-02-06 00:04:48,909 : INFO : Test_Login : test_login_002 : 41 : Entering username-->Admin
 2024-02-06 00:05:35,696 : INFO : Test_Login : test_Page_Title_001 : 19 : test_Page_Title_001 started
 2024-02-06 00:05:35,697 : INFO : Test_Login : test_Page_Title_001 : 20 : opening browser
 2024-02-06 00:05:35,707 : INFO : Test_Login : test_Page_Title_001 : 27 : test_Page_Title_001 is Failed
 2024-02-06 00:05:41,414 : INFO : Test_Login : test_login_002 : 35 : test_login_002 is started
 2024-02-06 00:05:41,415 : INFO : Test_Login : test_login_002 : 36 : Opening Browser
 2024-02-06 00:05:41,415 : INFO : Test_Login : test_login_002 : 41 : Entering username-->Admin
 2024-02-06 00:06:01,680 : INFO : Test_Login : test_Page_Title_001 : 19 : test_Page_Title_001 started
 2024-02-06 00:06:01,680 : INFO : Test_Login : test_Page_Title_001 : 20 : opening browser
 2024-02-06 00:06:01,700 : INFO : Test_Login : test_Page_Title_001 : 27 : test_Page_Title_001 is Failed
 2024-02-06 00:06:03,474 : INFO : Test_Login : test_login_002 : 35 : test_login_002 is started
 2024-02-06 00:06:03,474 : INFO : Test_Login : test_login_002 : 36 : Opening Browser
 2024-02-06 00:06:03,474 : INFO : Test_Login : test_login_002 : 41 : Entering username-->Admin
 2024-02-06 00:06:52,710 : INFO : Test_Login : test_Page_Title_001 : 20 : test_Page_Title_001 started
 2024-02-06 00:06:52,711 : INFO : Test_Login : test_Page_Title_001 : 21 : opening browser
 2024-02-06 00:06:52,739 : INFO : Test_Login : test_Page_Title_001 : 28 : test_Page_Title_001 is Failed
 2024-02-06 00:06:54,645 : INFO : Test_Login : test_login_002 : 36 : test_login_002 is started
 2024-02-06 00:06:54,646 : INFO : Test_Login : test_login_002 : 37 : Opening Browser
 2024-02-06 00:06:54,647 : INFO : Test_Login : test_login_002 : 42 : Entering username-->Admin
 2024-02-06 00:09:02,722 : INFO : Test_Login : test_Page_Title_001 : 20 : test_Page_Title_001 started
 2024-02-06 00:09:02,723 : INFO : Test_Login : test_Page_Title_001 : 21 : opening browser
 2024-02-06 00:09:02,747 : INFO : Test_Login : test_Page_Title_001 : 23 : test_Page_Title_001 is Passed
 2024-02-06 00:09:02,765 : INFO : Test_Login : test_Page_Title_001 : 24 : Page Title is-->OrangeHRM
 2024-02-06 00:09:02,937 : INFO : Test_Login : test_Page_Title_001 : 31 : test_Page_Title_001 is completed
 2024-02-06 00:09:11,522 : INFO : Test_Login : test_login_002 : 36 : test_login_002 is started
 2024-02-06 00:09:11,523 : INFO : Test_Login : test_login_002 : 37 : Opening Browser
 2024-02-06 00:09:11,524 : INFO : Test_Login : test_login_002 : 42 : Entering username-->Admin
 2024-02-06 00:09:53,373 : INFO : Test_Login : test_Page_Title_001 : 20 : test_Page_Title_001 started
 2024-02-06 00:09:53,375 : INFO : Test_Login : test_Page_Title_001 : 21 : opening browser
 2024-02-06 00:09:53,401 : INFO : Test_Login : test_Page_Title_001 : 23 : test_Page_Title_001 is Passed
 2024-02-06 00:09:53,418 : INFO : Test_Login : test_Page_Title_001 : 24 : Page Title is-->OrangeHRM
 2024-02-06 00:09:53,607 : INFO : Test_Login : test_Page_Title_001 : 31 : test_Page_Title_001 is completed
 2024-02-06 00:10:03,198 : INFO : Test_Login : test_login_002 : 36 : test_login_002 is started
 2024-02-06 00:10:03,199 : INFO : Test_Login : test_login_002 : 37 : Opening Browser
 2024-02-06 00:10:03,199 : INFO : Test_Login : test_login_002 : 42 : Entering username-->Admin
 2024-02-06 00:10:53,853 : INFO : Test_Login : test_Page_Title_001 : 19 : test_Page_Title_001 started
 2024-02-06 00:10:53,853 : INFO : Test_Login : test_Page_Title_001 : 20 : opening browser
 2024-02-06 00:10:53,864 : INFO : Test_Login : test_Page_Title_001 : 22 : test_Page_Title_001 is Passed
 2024-02-06 00:10:53,872 : INFO : Test_Login : test_Page_Title_001 : 23 : Page Title is-->OrangeHRM
 2024-02-06 00:10:53,947 : INFO : Test_Login : test_Page_Title_001 : 30 : test_Page_Title_001 is completed
 2024-02-06 00:11:03,155 : INFO : Test_Login : test_login_002 : 35 : test_login_002 is started
 2024-02-06 00:11:03,155 : INFO : Test_Login : test_login_002 : 36 : Opening Browser
 2024-02-06 00:11:03,156 : INFO : Test_Login : test_login_002 : 41 : Entering username-->Admin
 2024-02-06 00:11:03,870 : INFO : Test_Login : test_login_002 : 45 : Entering Password -->admin123
 2024-02-06 00:11:03,987 : INFO : Test_Login : test_login_002 : 49 : Click on Login Button
 2024-02-06 00:11:07,593 : INFO : Test_Login : test_login_002 : 56 : Click on Menu Button 
 2024-02-06 00:11:07,660 : INFO : Test_Login : test_login_002 : 58 : Click on Logout Button
 2024-02-06 00:11:11,401 : INFO : Test_Login : test_login_002 : 66 : test_login_002 is completed
 2024-02-06 00:11:34,856 : INFO : Test_Login : test_Page_Title_001 : 19 : test_Page_Title_001 started
 2024-02-06 00:11:34,856 : INFO : Test_Login : test_Page_Title_001 : 20 : opening browser
 2024-02-06 00:11:34,876 : INFO : Test_Login : test_Page_Title_001 : 22 : test_Page_Title_001 is Passed
 2024-02-06 00:11:34,891 : INFO : Test_Login : test_Page_Title_001 : 23 : Page Title is-->OrangeHRM
 2024-02-06 00:11:35,072 : INFO : Test_Login : test_Page_Title_001 : 30 : test_Page_Title_001 is completed
 2024-02-06 00:11:47,821 : INFO : Test_Login : test_login_002 : 35 : test_login_002 is started
 2024-02-06 00:11:47,821 : INFO : Test_Login : test_login_002 : 36 : Opening Browser
 2024-02-06 00:11:47,822 : INFO : Test_Login : test_login_002 : 41 : Entering username-->Admin
 2024-02-06 00:11:49,042 : INFO : Test_Login : test_login_002 : 45 : Entering Password -->admin123
 2024-02-06 00:11:49,144 : INFO : Test_Login : test_login_002 : 49 : Click on Login Button
 2024-02-06 00:11:51,675 : INFO : Test_Login : test_login_002 : 56 : Click on Menu Button 
 2024-02-06 00:11:51,745 : INFO : Test_Login : test_login_002 : 58 : Click on Logout Button
 2024-02-06 00:11:53,331 : INFO : Test_Login : test_login_002 : 66 : test_login_002 is completed
 2024-02-06 00:12:26,616 : INFO : Test_Login : test_Page_Title_001 : 19 : test_Page_Title_001 started
 2024-02-06 00:12:26,617 : INFO : Test_Login : test_Page_Title_001 : 20 : opening browser
 2024-02-06 00:12:26,639 : INFO : Test_Login : test_Page_Title_001 : 27 : test_Page_Title_001 is Failed
 2024-02-06 00:12:28,394 : INFO : Test_Login : test_login_002 : 35 : test_login_002 is started
 2024-02-06 00:12:28,395 : INFO : Test_Login : test_login_002 : 36 : Opening Browser
 2024-02-06 00:12:28,395 : INFO : Test_Login : test_login_002 : 41 : Entering username-->Admin
 2024-02-06 00:15:07,317 : INFO : Test_Login : test_Page_Title_001 : 19 : test_Page_Title_001 started
 2024-02-06 00:15:07,318 : INFO : Test_Login : test_Page_Title_001 : 20 : opening browser
 2024-02-06 00:15:07,325 : INFO : Test_Login : test_Page_Title_001 : 27 : test_Page_Title_001 is Failed
 2024-02-06 00:15:09,582 : INFO : Test_Login : test_login_002 : 35 : test_login_002 is started
 2024-02-06 00:15:09,582 : INFO : Test_Login : test_login_002 : 36 : Opening Browser
 2024-02-06 00:15:09,582 : INFO : Test_Login : test_login_002 : 41 : Entering username-->Admin
 2024-02-06 00:16:25,600 : INFO : Test_Login : test_Page_Title_001 : 19 : test_Page_Title_001 started
 2024-02-06 00:16:25,600 : INFO : Test_Login : test_Page_Title_001 : 20 : opening browser
 2024-02-06 00:16:25,607 : INFO : Test_Login : test_Page_Title_001 : 27 : test_Page_Title_001 is Failed
 2024-02-06 00:16:29,415 : INFO : Test_Login : test_login_002 : 35 : test_login_002 is started
 2024-02-06 00:16:29,415 : INFO : Test_Login : test_login_002 : 36 : Opening Browser
 2024-02-06 00:16:29,416 : INFO : Test_Login : test_login_002 : 41 : Entering username-->Admin
 2024-02-06 00:17:41,126 : INFO : Test_Login : test_Page_Title_001 : 19 : test_Page_Title_001 started
 2024-02-06 00:17:41,126 : INFO : Test_Login : test_Page_Title_001 : 20 : opening browser
 2024-02-06 00:17:41,133 : INFO : Test_Login : test_Page_Title_001 : 27 : test_Page_Title_001 is Failed
 2024-02-06 00:17:45,978 : INFO : Test_Login : test_login_002 : 35 : test_login_002 is started
 2024-02-06 00:17:45,978 : INFO : Test_Login : test_login_002 : 36 : Opening Browser
 2024-02-06 00:17:45,978 : INFO : Test_Login : test_login_002 : 41 : Entering username-->Admin
 2024-02-06 00:18:26,096 : INFO : Test_Login : test_Page_Title_001 : 19 : test_Page_Title_001 started
 2024-02-06 00:18:26,097 : INFO : Test_Login : test_Page_Title_001 : 20 : opening browser
 2024-02-06 00:18:26,118 : INFO : Test_Login : test_Page_Title_001 : 27 : test_Page_Title_001 is Failed
 2024-02-06 00:18:28,106 : INFO : Test_Login : test_login_002 : 35 : test_login_002 is started
 2024-02-06 00:18:28,107 : INFO : Test_Login : test_login_002 : 36 : Opening Browser
 2024-02-06 00:18:28,108 : INFO : Test_Login : test_login_002 : 41 : Entering username-->Admin
 2024-02-06 00:20:31,814 : INFO : Test_Login : test_Page_Title_001 : 19 : test_Page_Title_001 started
 2024-02-06 00:20:31,815 : INFO : Test_Login : test_Page_Title_001 : 20 : opening browser
 2024-02-06 00:20:31,840 : INFO : Test_Login : test_Page_Title_001 : 27 : test_Page_Title_001 is Failed
 2024-02-06 00:20:36,113 : INFO : Test_Login : test_login_002 : 35 : test_login_002 is started
 2024-02-06 00:20:36,114 : INFO : Test_Login : test_login_002 : 36 : Opening Browser
 2024-02-06 00:20:36,114 : INFO : Test_Login : test_login_002 : 41 : Entering username-->Admin
 2024-02-06 00:24:45,936 : INFO : Test_Login : test_Page_Title_001 : 19 : test_Page_Title_001 started
 2024-02-06 00:24:45,937 : INFO : Test_Login : test_Page_Title_001 : 20 : opening browser
 2024-02-06 00:24:45,957 : INFO : Test_Login : test_Page_Title_001 : 22 : test_Page_Title_001 is Passed
 2024-02-06 00:24:45,972 : INFO : Test_Login : test_Page_Title_001 : 23 : Page Title is-->OrangeHRM
 2024-02-06 00:24:46,036 : INFO : Test_Login : test_Page_Title_001 : 30 : test_Page_Title_001 is completed
 2024-02-06 00:24:53,434 : INFO : Test_Login : test_login_002 : 35 : test_login_002 is started
 2024-02-06 00:24:53,434 : INFO : Test_Login : test_login_002 : 36 : Opening Browser
 2024-02-06 00:24:53,435 : INFO : Test_Login : test_login_002 : 41 : Entering username-->Admin
 2024-02-06 00:24:54,188 : INFO : Test_Login : test_login_002 : 45 : Entering Password -->admin123
 2024-02-06 00:24:54,285 : INFO : Test_Login : test_login_002 : 49 : Click on Login Button
 2024-02-06 00:24:56,997 : INFO : Test_Login : test_login_002 : 56 : Click on Menu Button 
 2024-02-06 00:24:57,121 : INFO : Test_Login : test_login_002 : 58 : Click on Logout Button
 2024-02-06 00:24:59,293 : INFO : Test_Login : test_login_002 : 66 : test_login_002 is completed
 2024-02-06 00:26:35,848 : INFO : Test_Login : test_Page_Title_001 : 20 : test_Page_Title_001 started
 2024-02-06 00:26:35,848 : INFO : Test_Login : test_Page_Title_001 : 21 : opening browser
 2024-02-06 00:26:35,857 : INFO : Test_Login : test_Page_Title_001 : 23 : test_Page_Title_001 is Passed
 2024-02-06 00:26:35,863 : INFO : Test_Login : test_Page_Title_001 : 24 : Page Title is-->OrangeHRM
 2024-02-06 00:26:35,885 : INFO : Test_Login : test_Page_Title_001 : 31 : test_Page_Title_001 is completed
 2024-02-06 00:26:43,982 : INFO : Test_Login : test_login_002 : 37 : test_login_002 is started
 2024-02-06 00:26:43,982 : INFO : Test_Login : test_login_002 : 38 : Opening Browser
 2024-02-06 00:26:43,983 : INFO : Test_Login : test_login_002 : 43 : Entering username-->Admin
 2024-02-06 00:26:45,211 : INFO : Test_Login : test_login_002 : 47 : Entering Password -->admin123
 2024-02-06 00:26:45,308 : INFO : Test_Login : test_login_002 : 51 : Click on Login Button
 2024-02-06 00:26:48,077 : INFO : Test_Login : test_login_002 : 58 : Click on Menu Button 
 2024-02-06 00:26:48,159 : INFO : Test_Login : test_login_002 : 60 : Click on Logout Button
 2024-02-06 00:26:49,900 : INFO : Test_Login : test_login_002 : 68 : test_login_002 is completed
 2024-02-06 00:31:37,529 : INFO : Test_Login : test_Page_Title_001 : 19 : test_Page_Title_001 started
 2024-02-06 00:31:37,530 : INFO : Test_Login : test_Page_Title_001 : 20 : opening browser
 2024-02-06 00:31:44,206 : INFO : Test_Login : test_Page_Title_001 : 24 : test_Page_Title_001 is Passed
 2024-02-06 00:31:44,213 : INFO : Test_Login : test_Page_Title_001 : 25 : Page Title is-->OrangeHRM
 2024-02-06 00:31:44,235 : INFO : Test_Login : test_Page_Title_001 : 32 : test_Page_Title_001 is completed
 2024-02-06 00:31:45,847 : INFO : Test_Login : test_login_002 : 37 : test_login_002 is started
 2024-02-06 00:31:45,848 : INFO : Test_Login : test_login_002 : 38 : Opening Browser
 2024-02-06 00:31:51,108 : INFO : Test_Login : test_login_002 : 45 : Entering username-->Admin
 2024-02-06 00:31:52,046 : INFO : Test_Login : test_login_002 : 49 : Entering Password -->admin123
 2024-02-06 00:31:52,137 : INFO : Test_Login : test_login_002 : 53 : Click on Login Button
 2024-02-06 00:31:54,797 : INFO : Test_Login : test_login_002 : 60 : Click on Menu Button 
 2024-02-06 00:31:54,846 : INFO : Test_Login : test_login_002 : 62 : Click on Logout Button
 2024-02-06 00:31:56,793 : INFO : Test_Login : test_login_002 : 70 : test_login_002 is completed
 2024-02-06 00:33:53,875 : INFO : Test_Login : test_Page_Title_001 : 19 : test_Page_Title_001 started
 2024-02-06 00:33:53,876 : INFO : Test_Login : test_Page_Title_001 : 20 : opening browser and naviagting to Url
 2024-02-06 00:34:02,426 : INFO : Test_Login : test_Page_Title_001 : 24 : test_Page_Title_001 is Passed
 2024-02-06 00:34:02,437 : INFO : Test_Login : test_Page_Title_001 : 25 : Page Title is-->OrangeHRM
 2024-02-06 00:34:02,635 : INFO : Test_Login : test_Page_Title_001 : 32 : test_Page_Title_001 is completed
 2024-02-06 00:34:04,658 : INFO : Test_Login : test_login_002 : 37 : test_login_002 is started
 2024-02-06 00:34:04,659 : INFO : Test_Login : test_login_002 : 38 : Opening Browser and Navigating to Url
 2024-02-06 00:34:12,100 : INFO : Test_Login : test_login_002 : 45 : Entering username-->Admin
 2024-02-06 00:34:12,968 : INFO : Test_Login : test_login_002 : 49 : Entering Password -->admin123
 2024-02-06 00:34:13,078 : INFO : Test_Login : test_login_002 : 53 : Click on Login Button
 2024-02-06 00:34:16,457 : INFO : Test_Login : test_login_002 : 60 : Click on Menu Button 
 2024-02-06 00:34:16,591 : INFO : Test_Login : test_login_002 : 62 : Click on Logout Button
 2024-02-06 00:34:17,917 : INFO : Test_Login : test_login_002 : 70 : test_login_002 is completed
 2024-02-06 00:35:07,914 : INFO : Test_Login : test_Page_Title_001 : 19 : test_Page_Title_001 started
 2024-02-06 00:35:07,915 : INFO : Test_Login : test_Page_Title_001 : 20 : opening browser and naviagting to Url
 2024-02-06 00:35:16,852 : INFO : Test_Login : test_Page_Title_001 : 24 : test_Page_Title_001 is Passed
 2024-02-06 00:35:16,859 : INFO : Test_Login : test_Page_Title_001 : 25 : Page Title is-->OrangeHRM
 2024-02-06 00:35:17,072 : INFO : Test_Login : test_Page_Title_001 : 32 : test_Page_Title_001 is completed
 2024-02-06 00:35:20,499 : INFO : Test_Login : test_login_002 : 37 : test_login_002 is started
 2024-02-06 00:35:20,499 : INFO : Test_Login : test_login_002 : 38 : Opening Browser and Navigating to Url
 2024-02-06 00:35:28,787 : INFO : Test_Login : test_login_002 : 45 : Entering username-->Admin
 2024-02-06 00:35:29,794 : INFO : Test_Login : test_login_002 : 49 : Entering Password -->admin123
 2024-02-06 00:35:29,910 : INFO : Test_Login : test_login_002 : 53 : Click on Login Button
 2024-02-06 00:35:32,964 : INFO : Test_Login : test_login_002 : 60 : Click on Menu Button 
 2024-02-06 00:35:33,038 : INFO : Test_Login : test_login_002 : 62 : Click on Logout Button
 2024-02-06 00:35:34,096 : INFO : Test_Login : test_login_002 : 70 : test_login_002 is completed
 2024-02-06 00:39:15,481 : INFO : Test_Login : test_Page_Title_001 : 19 : test_Page_Title_001 started
 2024-02-06 00:39:15,482 : INFO : Test_Login : test_login_002 : 38 : Opening Browser and Navigating to Url
 2024-02-06 00:39:15,482 : INFO : Test_Login : test_Page_Title_001 : 20 : opening browser and naviagting to Url
 2024-02-06 00:39:23,637 : INFO : Test_Login : test_login_002 : 45 : Entering username-->Admin
 2024-02-06 00:39:24,008 : INFO : Test_Login : test_Page_Title_001 : 24 : test_Page_Title_001 is Passed
 2024-02-06 00:39:24,011 : INFO : Test_Login : test_Page_Title_001 : 25 : Page Title is-->OrangeHRM
 2024-02-06 00:39:25,107 : INFO : Test_Login : test_login_002 : 49 : Entering Password -->admin123
 2024-02-06 00:39:26,536 : INFO : Test_Login : test_login_002 : 53 : Click on Login Button
 2024-02-06 00:39:27,327 : INFO : Test_Login : test_Page_Title_001 : 32 : test_Page_Title_001 is completed
 2024-02-06 00:39:31,825 : INFO : Test_Login : test_login_002 : 60 : Click on Menu Button 
 2024-02-06 00:39:32,082 : INFO : Test_Login : test_login_002 : 62 : Click on Logout Button
 2024-02-06 00:39:35,927 : INFO : Test_Login : test_login_002 : 70 : test_login_002 is completed
 2024-02-06 00:41:19,327 : INFO : Test_Login : test_login_002 : 37 : test_login_002 is started
 2024-02-06 00:41:19,328 : INFO : Test_Login : test_login_002 : 38 : Opening Browser and Navigating to Url
 2024-02-06 00:41:19,383 : INFO : Test_Login : test_Page_Title_001 : 19 : test_Page_Title_001 started
 2024-02-06 00:41:19,383 : INFO : Test_Login : test_Page_Title_001 : 20 : opening browser and naviagting to Url
 2024-02-06 00:41:24,417 : INFO : Test_Login : test_login_002 : 45 : Entering username-->Admin
 2024-02-06 00:43:37,585 : INFO : Test_Login : test_Page_Title_001 : 24 : test_Page_Title_001 is Passed
 2024-02-06 00:43:37,590 : INFO : Test_Login : test_Page_Title_001 : 25 : Page Title is-->OrangeHRM
 2024-02-06 00:43:37,923 : INFO : Test_Login : test_Page_Title_001 : 32 : test_Page_Title_001 is completed
 2024-02-06 00:44:01,438 : INFO : Test_Login : test_Page_Title_001 : 19 : test_Page_Title_001 started
 2024-02-06 00:44:01,438 : INFO : Test_Login : test_Page_Title_001 : 20 : opening browser and naviagting to Url
 2024-02-06 00:44:01,598 : INFO : Test_Login : test_login_002 : 37 : test_login_002 is started
 2024-02-06 00:44:01,598 : INFO : Test_Login : test_login_002 : 38 : Opening Browser and Navigating to Url
 2024-02-06 00:44:09,103 : INFO : Test_Login : test_Page_Title_001 : 24 : test_Page_Title_001 is Passed
 2024-02-06 00:44:09,111 : INFO : Test_Login : test_Page_Title_001 : 25 : Page Title is-->OrangeHRM
 2024-02-06 00:44:09,183 : INFO : Test_Login : test_Page_Title_001 : 32 : test_Page_Title_001 is completed
 2024-02-06 00:44:10,132 : INFO : Test_Login : test_login_002 : 45 : Entering username-->Admin
 2024-02-06 00:44:10,899 : INFO : Test_Login : test_login_002 : 49 : Entering Password -->admin123
 2024-02-06 00:44:11,004 : INFO : Test_Login : test_login_002 : 53 : Click on Login Button
 2024-02-06 00:44:13,950 : INFO : Test_Login : test_login_002 : 60 : Click on Menu Button 
 2024-02-06 00:44:14,017 : INFO : Test_Login : test_login_002 : 62 : Click on Logout Button
 2024-02-06 00:44:15,909 : INFO : Test_Login : test_login_002 : 70 : test_login_002 is completed
 2024-02-06 09:59:46,116 : INFO : Test_Login : test_login_002 : 37 : test_login_002 is started
 2024-02-06 09:59:46,118 : INFO : Test_Login : test_login_002 : 38 : Opening Browser and Navigating to Url
 2024-02-06 09:59:55,429 : INFO : Test_Login : test_login_002 : 45 : Entering username-->Admin
 2024-02-06 09:59:56,679 : INFO : Test_Login : test_login_002 : 49 : Entering Password -->admin123
 2024-02-06 09:59:56,780 : INFO : Test_Login : test_login_002 : 53 : Click on Login Button
 2024-02-06 09:59:58,962 : INFO : Test_Login : test_Page_Title_001 : 19 : test_Page_Title_001 started
 2024-02-06 09:59:58,962 : INFO : Test_Login : test_Page_Title_001 : 20 : opening browser and naviagting to Url
 2024-02-06 10:00:01,417 : INFO : Test_Login : test_login_002 : 60 : Click on Menu Button 
 2024-02-06 10:00:01,505 : INFO : Test_Login : test_login_002 : 62 : Click on Logout Button
 2024-02-06 10:00:04,993 : INFO : Test_Login : test_login_002 : 70 : test_login_002 is completed
 2024-02-06 10:00:10,648 : INFO : Test_Login : test_Page_Title_001 : 24 : test_Page_Title_001 is Passed
 2024-02-06 10:00:10,658 : INFO : Test_Login : test_Page_Title_001 : 25 : Page Title is-->OrangeHRM
 2024-02-06 10:00:11,036 : INFO : Test_Login : test_Page_Title_001 : 32 : test_Page_Title_001 is completed
 2024-02-06 10:06:35,901 : INFO : Test_Login : test_login_002 : 37 : test_login_002 is started
 2024-02-06 10:06:35,901 : INFO : Test_Login : test_login_002 : 38 : Opening Browser and Navigating to Url
 2024-02-06 10:06:36,681 : INFO : Test_Login : test_login_002 : 45 : Entering username-->Admin
 2024-02-06 10:06:36,894 : INFO : Test_Login : test_Page_Title_001 : 19 : test_Page_Title_001 started
 2024-02-06 10:06:36,894 : INFO : Test_Login : test_Page_Title_001 : 20 : opening browser and naviagting to Url
 2024-02-06 10:06:37,547 : INFO : Test_Login : test_Page_Title_001 : 24 : test_Page_Title_001 is Passed
 2024-02-06 10:06:37,555 : INFO : Test_Login : test_Page_Title_001 : 25 : Page Title is-->OrangeHRM
 2024-02-06 10:06:38,617 : INFO : Test_Login : test_Page_Title_001 : 32 : test_Page_Title_001 is completed
 2024-02-06 10:07:12,372 : INFO : Test_Login : test_login_002 : 37 : test_login_002 is started
 2024-02-06 10:07:12,372 : INFO : Test_Login : test_login_002 : 38 : Opening Browser and Navigating to Url
 2024-02-06 10:07:12,915 : INFO : Test_Login : test_login_002 : 45 : Entering username-->Admin
 2024-02-06 10:07:13,089 : INFO : Test_Login : test_Page_Title_001 : 19 : test_Page_Title_001 started
 2024-02-06 10:07:13,090 : INFO : Test_Login : test_Page_Title_001 : 20 : opening browser and naviagting to Url
 2024-02-06 10:07:13,899 : INFO : Test_Login : test_Page_Title_001 : 24 : test_Page_Title_001 is Passed
 2024-02-06 10:07:13,904 : INFO : Test_Login : test_Page_Title_001 : 25 : Page Title is-->OrangeHRM
 2024-02-06 10:07:14,074 : INFO : Test_Login : test_login_002 : 49 : Entering Password -->admin123
 2024-02-06 10:07:14,233 : INFO : Test_Login : test_login_002 : 53 : Click on Login Button
 2024-02-06 10:07:14,243 : INFO : Test_Login : test_Page_Title_001 : 32 : test_Page_Title_001 is completed
 2024-02-06 10:07:16,970 : INFO : Test_Login : test_login_002 : 60 : Click on Menu Button 
 2024-02-06 10:07:17,039 : INFO : Test_Login : test_login_002 : 62 : Click on Logout Button
 2024-02-06 10:07:18,528 : INFO : Test_Login : test_login_002 : 70 : test_login_002 is completed
 2024-02-06 10:27:01,935 : INFO : Test_Login : test_Page_Title_001 : 19 : test_Page_Title_001 started
 2024-02-06 10:27:01,936 : INFO : Test_Login : test_login_002 : 37 : test_login_002 is started
 2024-02-06 10:27:01,937 : INFO : Test_Login : test_Page_Title_001 : 20 : opening browser and naviagting to Url
 2024-02-06 10:27:01,937 : INFO : Test_Login : test_login_002 : 38 : Opening Browser and Navigating to Url
 2024-02-06 10:27:09,128 : INFO : Test_Login : test_Page_Title_001 : 24 : test_Page_Title_001 is Passed
 2024-02-06 10:27:09,148 : INFO : Test_Login : test_Page_Title_001 : 25 : Page Title is-->OrangeHRM
 2024-02-06 10:27:09,497 : INFO : Test_Login : test_Page_Title_001 : 32 : test_Page_Title_001 is completed
 2024-02-06 10:27:10,214 : INFO : Test_Login : test_login_002 : 45 : Entering username-->Admin
 2024-02-06 10:27:12,065 : INFO : Test_Login : test_login_002 : 49 : Entering Password -->admin123
 2024-02-06 10:27:13,023 : INFO : Test_Login : test_login_002 : 53 : Click on Login Button
 2024-02-06 10:27:17,219 : INFO : Test_Login : test_login_002 : 60 : Click on Menu Button 
 2024-02-06 10:27:17,346 : INFO : Test_Login : test_login_002 : 62 : Click on Logout Button
 2024-02-06 10:27:19,803 : INFO : Test_Login : test_login_002 : 70 : test_login_002 is completed
 2024-02-06 10:28:46,004 : INFO : Test_Login : test_Page_Title_001 : 19 : test_Page_Title_001 started
 2024-02-06 10:28:46,004 : INFO : Test_Login : test_Page_Title_001 : 20 : opening browser and naviagting to Url
 2024-02-06 10:28:49,515 : INFO : Test_Login : test_login_002 : 37 : test_login_002 is started
 2024-02-06 10:28:49,515 : INFO : Test_Login : test_login_002 : 38 : Opening Browser and Navigating to Url
 2024-02-06 10:28:54,298 : INFO : Test_Login : test_login_002 : 45 : Entering username-->Admin
 2024-02-06 10:28:56,790 : INFO : Test_Login : test_Page_Title_001 : 24 : test_Page_Title_001 is Passed
 2024-02-06 10:28:56,797 : INFO : Test_Login : test_Page_Title_001 : 25 : Page Title is-->OrangeHRM
 2024-02-06 10:28:57,396 : INFO : Test_Login : test_Page_Title_001 : 32 : test_Page_Title_001 is completed
 2024-02-06 10:29:01,529 : INFO : Test_Login : test_login_002 : 49 : Entering Password -->admin123
 2024-02-06 10:29:01,649 : INFO : Test_Login : test_login_002 : 53 : Click on Login Button
 2024-02-06 10:29:04,635 : INFO : Test_Login : test_login_002 : 60 : Click on Menu Button 
 2024-02-06 10:29:04,732 : INFO : Test_Login : test_login_002 : 62 : Click on Logout Button
 2024-02-06 10:29:06,292 : INFO : Test_Login : test_login_002 : 70 : test_login_002 is completed
 2024-02-06 10:32:10,266 : INFO : Test_Login : test_Page_Title_001 : 19 : test_Page_Title_001 started
 2024-02-06 10:32:10,267 : INFO : Test_Login : test_Page_Title_001 : 20 : opening browser and naviagting to Url
 2024-02-06 10:32:19,571 : INFO : Test_Login : test_Page_Title_001 : 24 : test_Page_Title_001 is Passed
 2024-02-06 10:32:19,578 : INFO : Test_Login : test_Page_Title_001 : 25 : Page Title is-->OrangeHRM
 2024-02-06 10:32:19,655 : INFO : Test_Login : test_Page_Title_001 : 32 : test_Page_Title_001 is completed
 2024-02-06 10:32:21,322 : INFO : Test_Login : test_login_002 : 37 : test_login_002 is started
 2024-02-06 10:32:21,322 : INFO : Test_Login : test_login_002 : 38 : Opening Browser and Navigating to Url
 2024-02-06 10:32:28,540 : INFO : Test_Login : test_login_002 : 45 : Entering username-->Admin
 2024-02-06 10:32:29,681 : INFO : Test_Login : test_login_002 : 49 : Entering Password -->admin123
 2024-02-06 10:32:29,768 : INFO : Test_Login : test_login_002 : 53 : Click on Login Button
 2024-02-06 10:32:33,022 : INFO : Test_Login : test_login_002 : 60 : Click on Menu Button 
 2024-02-06 10:32:33,084 : INFO : Test_Login : test_login_002 : 62 : Click on Logout Button
 2024-02-06 10:32:35,162 : INFO : Test_Login : test_login_002 : 70 : test_login_002 is completed
 2024-02-06 10:34:46,817 : INFO : Test_Login : test_login_002 : 37 : test_login_002 is started
 2024-02-06 10:34:46,817 : INFO : Test_Login : test_login_002 : 38 : Opening Browser and Navigating to Url
 2024-02-06 10:34:49,636 : INFO : Test_Login : test_Page_Title_001 : 19 : test_Page_Title_001 started
 2024-02-06 10:34:49,636 : INFO : Test_Login : test_Page_Title_001 : 20 : opening browser and naviagting to Url
 2024-02-06 10:34:57,675 : INFO : Test_Login : test_login_002 : 45 : Entering username-->Admin
 2024-02-06 10:34:58,783 : INFO : Test_Login : test_login_002 : 49 : Entering Password -->admin123
 2024-02-06 10:34:58,939 : INFO : Test_Login : test_login_002 : 53 : Click on Login Button
 2024-02-06 10:35:00,918 : INFO : Test_Login : test_Page_Title_001 : 24 : test_Page_Title_001 is Passed
 2024-02-06 10:35:00,925 : INFO : Test_Login : test_Page_Title_001 : 25 : Page Title is-->OrangeHRM
 2024-02-06 10:35:01,308 : INFO : Test_Login : test_Page_Title_001 : 32 : test_Page_Title_001 is completed
 2024-02-06 10:35:01,756 : INFO : Test_Login : test_login_002 : 60 : Click on Menu Button 
 2024-02-06 10:35:01,820 : INFO : Test_Login : test_login_002 : 62 : Click on Logout Button
 2024-02-06 10:35:05,532 : INFO : Test_Login : test_login_002 : 70 : test_login_002 is completed
 2024-02-06 10:51:53,727 : INFO : Test_Login : test_Page_Title_001 : 20 : test_Page_Title_001 started
 2024-02-06 10:51:53,727 : INFO : Test_Login : test_Page_Title_001 : 21 : opening browser and naviagting to Url
 2024-02-06 10:52:02,475 : INFO : Test_Login : test_Page_Title_001 : 25 : test_Page_Title_001 is Passed
 2024-02-06 10:52:02,482 : INFO : Test_Login : test_Page_Title_001 : 26 : Page Title is-->OrangeHRM
 2024-02-06 10:52:02,505 : INFO : Test_Login : test_Page_Title_001 : 33 : test_Page_Title_001 is completed
 2024-02-06 10:52:04,219 : INFO : Test_Login : test_login_002 : 42 : test_login_002 is started
 2024-02-06 10:52:04,219 : INFO : Test_Login : test_login_002 : 43 : Opening Browser and Navigating to Url
 2024-02-06 10:52:10,697 : INFO : Test_Login : test_login_002 : 50 : Entering username-->Admin
 2024-02-06 10:52:11,873 : INFO : Test_Login : test_login_002 : 54 : Entering Password -->admin123
 2024-02-06 10:52:12,077 : INFO : Test_Login : test_login_002 : 58 : Click on Login Button
 2024-02-06 10:52:14,399 : INFO : Test_Login : test_login_002 : 65 : Click on Menu Button 
 2024-02-06 10:52:14,494 : INFO : Test_Login : test_login_002 : 67 : Click on Logout Button
 2024-02-06 10:52:16,541 : INFO : Test_Login : test_login_002 : 75 : test_login_002 is completed
 2024-02-06 10:55:33,310 : INFO : Test_Login : test_Page_Title_001 : 20 : test_Page_Title_001 started
 2024-02-06 10:55:33,310 : INFO : Test_Login : test_Page_Title_001 : 21 : opening browser and naviagting to Url
 2024-02-06 10:55:40,498 : INFO : Test_Login : test_Page_Title_001 : 25 : test_Page_Title_001 is Passed
 2024-02-06 10:55:40,546 : INFO : Test_Login : test_Page_Title_001 : 26 : Page Title is-->OrangeHRM
 2024-02-06 10:55:40,775 : INFO : Test_Login : test_Page_Title_001 : 33 : test_Page_Title_001 is completed
 2024-02-06 10:55:42,658 : INFO : Test_Login : test_login_002 : 42 : test_login_002 is started
 2024-02-06 10:55:42,658 : INFO : Test_Login : test_login_002 : 43 : Opening Browser and Navigating to Url
 2024-02-06 10:55:49,624 : INFO : Test_Login : test_login_002 : 50 : Entering username-->Admin
 2024-02-06 10:55:50,689 : INFO : Test_Login : test_login_002 : 54 : Entering Password -->admin123
 2024-02-06 10:55:50,796 : INFO : Test_Login : test_login_002 : 58 : Click on Login Button
 2024-02-06 10:55:53,608 : INFO : Test_Login : test_login_002 : 65 : Click on Menu Button 
 2024-02-06 10:55:53,691 : INFO : Test_Login : test_login_002 : 67 : Click on Logout Button
 2024-02-06 10:55:55,267 : INFO : Test_Login : test_login_002 : 75 : test_login_002 is completed
 2024-02-06 11:00:23,704 : INFO : Test_Login : test_Page_Title_001 : 20 : test_Page_Title_001 started
 2024-02-06 11:00:23,704 : INFO : Test_Login : test_Page_Title_001 : 21 : opening browser and naviagting to Url
 2024-02-06 11:00:29,666 : INFO : Test_Login : test_Page_Title_001 : 25 : test_Page_Title_001 is Passed
 2024-02-06 11:00:29,672 : INFO : Test_Login : test_Page_Title_001 : 26 : Page Title is-->OrangeHRM
 2024-02-06 11:00:29,693 : INFO : Test_Login : test_Page_Title_001 : 33 : test_Page_Title_001 is completed
 2024-02-06 11:00:31,320 : INFO : Test_Login : test_login_002 : 42 : test_login_002 is started
 2024-02-06 11:00:31,320 : INFO : Test_Login : test_login_002 : 43 : Opening Browser and Navigating to Url
 2024-02-06 11:00:39,671 : INFO : Test_Login : test_login_002 : 50 : Entering username-->Admin
 2024-02-06 11:00:40,931 : INFO : Test_Login : test_login_002 : 54 : Entering Password -->admin123
 2024-02-06 11:00:41,064 : INFO : Test_Login : test_login_002 : 58 : Click on Login Button
 2024-02-06 11:00:43,626 : INFO : Test_Login : test_login_002 : 65 : Click on Menu Button 
 2024-02-06 11:00:43,685 : INFO : Test_Login : test_login_002 : 67 : Click on Logout Button
 2024-02-06 11:00:45,153 : INFO : Test_Login : test_login_002 : 75 : test_login_002 is completed
 2024-02-06 11:15:37,960 : INFO : Test_Login : test_login_002 : 42 : test_login_002 is started
 2024-02-06 11:15:37,960 : INFO : Test_Login : test_login_002 : 43 : Opening Browser and Navigating to Url
 2024-02-06 11:15:41,752 : INFO : Test_Login : test_login_002 : 50 : Entering username-->Admin
 2024-02-06 11:16:02,411 : INFO : Test_Login : test_login_002 : 42 : test_login_002 is started
 2024-02-06 11:16:02,411 : INFO : Test_Login : test_login_002 : 43 : Opening Browser and Navigating to Url
 2024-02-06 11:16:06,809 : INFO : Test_Login : test_login_002 : 50 : Entering username-->Admin
 2024-02-09 11:10:50,737 : INFO : Test_Login : test_Page_Title_001 : 20 : test_Page_Title_001 started
 2024-02-09 11:10:50,738 : INFO : Test_Login : test_Page_Title_001 : 21 : opening browser and naviagting to Url
 2024-02-09 11:10:59,649 : INFO : Test_Login : test_Page_Title_001 : 25 : test_Page_Title_001 is Passed
 2024-02-09 11:10:59,655 : INFO : Test_Login : test_Page_Title_001 : 26 : Page Title is-->OrangeHRM
 2024-02-09 11:10:59,681 : INFO : Test_Login : test_Page_Title_001 : 33 : test_Page_Title_001 is completed
 2024-02-09 11:11:01,273 : INFO : Test_Login : test_login_002 : 42 : test_login_002 is started
 2024-02-09 11:11:01,273 : INFO : Test_Login : test_login_002 : 43 : Opening Browser and Navigating to Url
 2024-02-09 11:11:08,390 : INFO : Test_Login : test_login_002 : 50 : Entering username-->Admin
 2024-02-09 11:11:09,918 : INFO : Test_Login : test_login_002 : 54 : Entering Password -->admin123
 2024-02-09 11:11:10,020 : INFO : Test_Login : test_login_002 : 58 : Click on Login Button
 2024-02-09 11:11:12,615 : INFO : Test_Login : test_login_002 : 65 : Click on Menu Button 
 2024-02-09 11:11:12,729 : INFO : Test_Login : test_login_002 : 67 : Click on Logout Button
 2024-02-09 11:11:14,673 : INFO : Test_Login : test_login_002 : 75 : test_login_002 is completed
